<?xml version="1.0" encoding="UTF-8"?>
<!-- Generated by org.testng.reporters.JUnitReportReporter -->
<testsuite skipped="0" hostname="LAPTOP-5MH3OJFG" name="boatus.base.Testbase" tests="1" failures="0" timestamp="2019-10-22T10:59:23 IST" time="11.825" errors="0">
  <testcase name="basebrowser" time="11.825" classname="boatus.base.Testbase"/>
</testsuite> <!-- boatus.base.Testbase -->
